Using pre-set license
Built from '2021.1/staging' branch; Version is '2021.1.5f1 (3737af19df53) revision 3618735'; Using compiler version '192528614'; Build Type 'Release'
OS: 'Windows 10 Pro; OS build 19042.985; Version 2009; 64bit' Language: 'en' Physical Memory: 16257 MB
BatchMode: 1, IsHumanControllingUs: 0, StartBugReporterOnCrash: 0, Is64bit: 1, IsPro: 0

 COMMAND LINE ARGUMENTS:
C:\Program Files\Unity\Hub\Editor\2021.1.5f1\Editor\Unity.exe
-adb2
-batchMode
-noUpm
-name
AssetImportWorker0
-projectPath
C:/Users/ShaunFerns/cookbook/unity-cookbook-2018-ch02-11-radar
-logFile
Logs/AssetImportWorker0.log
-srvPort
49574
Successfully changed project path to: C:/Users/ShaunFerns/cookbook/unity-cookbook-2018-ch02-11-radar
C:/Users/ShaunFerns/cookbook/unity-cookbook-2018-ch02-11-radar
Using Asset Import Pipeline V2.
Refreshing native plugins compatible for Editor in 91.45 ms, found 1 plugins.
Preloading 0 native plugins for Editor in 0.00 ms.
Initialize engine version: 2021.1.5f1 (3737af19df53)
[Subsystems] Discovering subsystems at path C:/Program Files/Unity/Hub/Editor/2021.1.5f1/Editor/Data/Resources/UnitySubsystems
[Subsystems] Discovering subsystems at path C:/Users/ShaunFerns/cookbook/unity-cookbook-2018-ch02-11-radar/Assets
GfxDevice: creating device client; threaded=0; jobified=0
Direct3D:
    Version:  Direct3D 11.0 [level 11.1]
    Renderer: NVIDIA GeForce GTX 1080 (ID=0x1ba0)
    Vendor:   NVIDIA
    VRAM:     8079 MB
    Driver:   27.21.14.5687
Initialize mono
Mono path[0] = 'C:/Program Files/Unity/Hub/Editor/2021.1.5f1/Editor/Data/Managed'
Mono path[1] = 'C:/Program Files/Unity/Hub/Editor/2021.1.5f1/Editor/Data/MonoBleedingEdge/lib/mono/unityjit'
Mono config path = 'C:/Program Files/Unity/Hub/Editor/2021.1.5f1/Editor/Data/MonoBleedingEdge/etc'
Using monoOptions --debugger-agent=transport=dt_socket,embedding=1,server=y,suspend=n,address=127.0.0.1:56368
Begin MonoManager ReloadAssembly
Registering precompiled unity dll's ...
Register platform support module: C:/Program Files/Unity/Hub/Editor/2021.1.5f1/Editor/Data/PlaybackEngines/WindowsStandaloneSupport/UnityEditor.WindowsStandalone.Extensions.dll
Registered in 0.002288 seconds.
Native extension for WindowsStandalone target not found
Refreshing native plugins compatible for Editor in 97.35 ms, found 1 plugins.
Preloading 0 native plugins for Editor in 0.00 ms.
Mono: successfully reloaded assembly
- Completed reload, in  1.601 seconds
Platform modules already initialized, skipping
Registering precompiled user dll's ...
Registered in 0.003545 seconds.
Begin MonoManager ReloadAssembly
Native extension for WindowsStandalone target not found
Refreshing native plugins compatible for Editor in 0.54 ms, found 1 plugins.
Preloading 0 native plugins for Editor in 0.00 ms.
Mono: successfully reloaded assembly
- Completed reload, in  1.368 seconds
Platform modules already initialized, skipping
========================================================================
Worker process is ready to serve import requests
Launched and connected shader compiler UnityShaderCompiler.exe after 0.08 seconds
Refreshing native plugins compatible for Editor in 0.82 ms, found 1 plugins.
Preloading 0 native plugins for Editor in 0.00 ms.
Unloading 2719 Unused Serialized files (Serialized files now loaded: 0)
System memory in use before: 111.4 MB.
System memory in use after: 111.6 MB.

Unloading 14 unused Assets to reduce memory usage. Loaded Objects now: 3187.
Total: 2.861700 ms (FindLiveObjects: 0.410900 ms CreateObjectMapping: 0.247200 ms MarkObjects: 2.133500 ms  DeleteObjects: 0.067400 ms)

========================================================================
Received Import Request.
  path: Assets/Standard Assets/Utility/ForcedReset.cs
  artifactKey: Guid(9b886447cba80f74e820adb3c9e70c76) Importer(815301076,1909f56bfc062723c751e8b465ee728b)
Start importing Assets/Standard Assets/Utility/ForcedReset.cs using Guid(9b886447cba80f74e820adb3c9e70c76) Importer(815301076,1909f56bfc062723c751e8b465ee728b)  -> (artifact id: 'a27e059ac9dee4209788cd7a7c43f333') in 0.050118 seconds 
========================================================================
Received Import Request.
  Time since last request: 45.956032 seconds.
  path: Assets/Standard Assets/Utility/ForcedReset.cs
  artifactKey: Guid(9b886447cba80f74e820adb3c9e70c76) Importer(815301076,1909f56bfc062723c751e8b465ee728b)
Start importing Assets/Standard Assets/Utility/ForcedReset.cs using Guid(9b886447cba80f74e820adb3c9e70c76) Importer(815301076,1909f56bfc062723c751e8b465ee728b)  -> (artifact id: '128bcb8ad390289002ee6d2d4e7e3d78') in 0.004228 seconds 
========================================================================
Received Import Request.
  Time since last request: 12.171807 seconds.
  path: Assets/Standard Assets/Utility/SimpleActivatorMenu.cs
  artifactKey: Guid(69b69a5b0e0a85b4aa97a7edc40c37d1) Importer(815301076,1909f56bfc062723c751e8b465ee728b)
Start importing Assets/Standard Assets/Utility/SimpleActivatorMenu.cs using Guid(69b69a5b0e0a85b4aa97a7edc40c37d1) Importer(815301076,1909f56bfc062723c751e8b465ee728b)  -> (artifact id: '78a12e928c36066e94f77c5c79800dbf') in 0.002141 seconds 
========================================================================
Received Prepare
Registering precompiled user dll's ...
Registered in 0.004852 seconds.
Begin MonoManager ReloadAssembly
Native extension for WindowsStandalone target not found
Refreshing native plugins compatible for Editor in 1.24 ms, found 1 plugins.
Preloading 0 native plugins for Editor in 0.00 ms.
Mono: successfully reloaded assembly
- Completed reload, in  1.247 seconds
Platform modules already initialized, skipping
Refreshing native plugins compatible for Editor in 0.73 ms, found 1 plugins.
Preloading 0 native plugins for Editor in 0.00 ms.
Unloading 2713 Unused Serialized files (Serialized files now loaded: 0)
System memory in use before: 111.3 MB.
System memory in use after: 111.6 MB.

Unloading 9 unused Assets to reduce memory usage. Loaded Objects now: 3190.
Total: 2.970600 ms (FindLiveObjects: 0.276600 ms CreateObjectMapping: 0.154000 ms MarkObjects: 2.521800 ms  DeleteObjects: 0.016900 ms)

========================================================================
Received Import Request.
  Time since last request: 31.833212 seconds.
  path: Assets/Standard Assets/Utility/SimpleActivatorMenu.cs
  artifactKey: Guid(69b69a5b0e0a85b4aa97a7edc40c37d1) Importer(815301076,1909f56bfc062723c751e8b465ee728b)
Start importing Assets/Standard Assets/Utility/SimpleActivatorMenu.cs using Guid(69b69a5b0e0a85b4aa97a7edc40c37d1) Importer(815301076,1909f56bfc062723c751e8b465ee728b)  -> (artifact id: '8bb19fc3c460ea7db98389c6f18cf998') in 0.005232 seconds 
========================================================================
Received Import Request.
  Time since last request: 22.578436 seconds.
  path: Assets/New Terrain.asset
  artifactKey: Guid(72a8abe1f154247518dab68701af8dbd) Importer(815301076,1909f56bfc062723c751e8b465ee728b)
Start importing Assets/New Terrain.asset using Guid(72a8abe1f154247518dab68701af8dbd) Importer(815301076,1909f56bfc062723c751e8b465ee728b)  -> (artifact id: 'a36a516a65016d9059df4c99178257c4') in 0.075189 seconds 
========================================================================
Received Prepare
Registering precompiled user dll's ...
Registered in 0.004190 seconds.
Begin MonoManager ReloadAssembly
Native extension for WindowsStandalone target not found
Refreshing native plugins compatible for Editor in 0.51 ms, found 1 plugins.
Preloading 0 native plugins for Editor in 0.00 ms.
Mono: successfully reloaded assembly
- Completed reload, in  1.212 seconds
Platform modules already initialized, skipping
Refreshing native plugins compatible for Editor in 1.03 ms, found 1 plugins.
Preloading 0 native plugins for Editor in 0.00 ms.
Unloading 2714 Unused Serialized files (Serialized files now loaded: 0)
System memory in use before: 113.2 MB.
System memory in use after: 113.5 MB.

Unloading 9 unused Assets to reduce memory usage. Loaded Objects now: 3210.
Total: 2.036500 ms (FindLiveObjects: 0.257400 ms CreateObjectMapping: 0.139300 ms MarkObjects: 1.625400 ms  DeleteObjects: 0.013700 ms)

========================================================================
Received Import Request.
  Time since last request: 14.802477 seconds.
  path: Assets/_Scenes/rader.unity
  artifactKey: Guid(0125daaa04c014f84a208616b0c65779) Importer(815301076,1909f56bfc062723c751e8b465ee728b)
Start importing Assets/_Scenes/rader.unity using Guid(0125daaa04c014f84a208616b0c65779) Importer(815301076,1909f56bfc062723c751e8b465ee728b)  -> (artifact id: '76f98ef9462257e45cb1e5d2deeb70d8') in 0.017231 seconds 
========================================================================
Received Import Request.
  Time since last request: 3.255621 seconds.
  path: Assets/Prefabs
  artifactKey: Guid(79a0bf69ef2a64ec68c5f0493a6e9af1) Importer(815301076,1909f56bfc062723c751e8b465ee728b)
Start importing Assets/Prefabs using Guid(79a0bf69ef2a64ec68c5f0493a6e9af1) Importer(815301076,1909f56bfc062723c751e8b465ee728b)  -> (artifact id: 'a0ae04081326278072bdbaa50c4ced0d') in 0.002542 seconds 
========================================================================
Received Import Request.
  Time since last request: 0.040232 seconds.
  path: Assets/Prefabs/blip-ciube.prefab
  artifactKey: Guid(e560ecb77765b4f9aa457efa80f7a132) Importer(815301076,1909f56bfc062723c751e8b465ee728b)
Start importing Assets/Prefabs/blip-ciube.prefab using Guid(e560ecb77765b4f9aa457efa80f7a132) Importer(815301076,1909f56bfc062723c751e8b465ee728b)  -> (artifact id: '38bb85ecb383a09aa611c9ed6098f670') in 0.041696 seconds 
========================================================================
Received Import Request.
  Time since last request: 0.000419 seconds.
  path: Assets/Prefabs/blip-sphere.prefab
  artifactKey: Guid(da3daa6b862b849418e3b133dd98fc91) Importer(815301076,1909f56bfc062723c751e8b465ee728b)
Start importing Assets/Prefabs/blip-sphere.prefab using Guid(da3daa6b862b849418e3b133dd98fc91) Importer(815301076,1909f56bfc062723c751e8b465ee728b)  -> (artifact id: '6c2680a475c9e8c1c8174c6165b84651') in 0.007836 seconds 
========================================================================
Received Import Request.
  Time since last request: 3.021671 seconds.
  path: Assets/Standard Assets
  artifactKey: Guid(3b0f824ef9069403e904c1c3776dc6e3) Importer(815301076,1909f56bfc062723c751e8b465ee728b)
Start importing Assets/Standard Assets using Guid(3b0f824ef9069403e904c1c3776dc6e3) Importer(815301076,1909f56bfc062723c751e8b465ee728b)  -> (artifact id: 'ab29a00c38609f24844bab2a4673fddb') in 0.003044 seconds 
========================================================================
Received Import Request.
  Time since last request: 2.131306 seconds.
  path: Assets/_TerrainAutoUpgrade
  artifactKey: Guid(572fc9a968528124b805e7aba174699a) Importer(815301076,1909f56bfc062723c751e8b465ee728b)
Start importing Assets/_TerrainAutoUpgrade using Guid(572fc9a968528124b805e7aba174699a) Importer(815301076,1909f56bfc062723c751e8b465ee728b)  -> (artifact id: 'baee76be20d856cbe994dad8b17afc79') in 0.003900 seconds 
========================================================================
Received Import Request.
  Time since last request: 0.162715 seconds.
  path: Assets/_TerrainAutoUpgrade/layer_SandAlbedo3d3aba195e4d26ee.terrainlayer
  artifactKey: Guid(80feb37597eecdd4d87ba04d4b871df7) Importer(815301076,1909f56bfc062723c751e8b465ee728b)
Start importing Assets/_TerrainAutoUpgrade/layer_SandAlbedo3d3aba195e4d26ee.terrainlayer using Guid(80feb37597eecdd4d87ba04d4b871df7) Importer(815301076,1909f56bfc062723c751e8b465ee728b)  -> (artifact id: 'ea9e4244b64f19de5271accf133f8dac') in 0.047180 seconds 
AssetImportWorkerClient::OnTransportError - code=2 error=End of file
